<?xml version="1.0" encoding="UTF-8"?>
<!-- Generated by org.testng.reporters.JUnitReportReporter -->
<testsuite hostname="DESKTOP-7S7LCUO" failures="0" tests="2" name="socail.Dummy" time="8.037" errors="0" timestamp="2024-08-31T15:07:38 IST" skipped="0">
  <testcase classname="socail.Dummy" name="test2" time="3.440"/>
  <testcase classname="socail.Dummy" name="test1" time="4.597"/>
</testsuite> <!-- socail.Dummy -->
