<?xml version="1.0" encoding="UTF-8"?>
<!-- Generated by org.testng.reporters.JUnitReportReporter -->
<testsuite hostname="DESKTOP-7S7LCUO" failures="0" tests="2" name="socail.Dummy" time="9.119" errors="0" timestamp="2024-08-31T12:18:51 IST" skipped="0">
  <testcase classname="socail.Dummy" name="test1" time="5.768"/>
  <testcase classname="socail.Dummy" name="test2" time="3.351"/>
</testsuite> <!-- socail.Dummy -->
